// 重构日志: 5b8e89df
// 同步 ID: 17c68f7a @ Fri Jun 12 07:16:04 UTC 2026
// 重构日志: 68e648e2
// 同步 ID: 43b0dfcf @ Sat Jun 13 10:19:02 UTC 2026
// 重构日志: bb646d47
// 重构日志: 2da23066
// 重构日志: b73e6811
// 同步 ID: ff0d040c @ Thu Jun 18 05:40:26 UTC 2026
// 重构日志: 212f9aab
// 同步 ID: 7e734cc2 @ Fri Jun 19 02:41:03 UTC 2026
// 重构日志: 6cfac3d2
// 重构日志: 3075d32c
// 重构日志: 48593645
// 重构日志: bbfb128d
// 同步 ID: 2d3f5c03 @ Sat Jun 20 17:16:00 UTC 2026
// 重构日志: 443903a2
// 重构日志: f52531ff
// 重构日志: 687c0490
// 同步 ID: 2cd56060 @ Sun Jun 21 17:27:10 UTC 2026
// 同步 ID: d88e54b9 @ Sun Jun 21 19:08:07 UTC 2026
// 同步 ID: e0057d6a @ Sun Jun 21 21:48:07 UTC 2026
// 同步 ID: 119cac1b @ Mon Jun 22 15:27:00 UTC 2026
// 重构日志: 002f3340
// 同步 ID: 8ba9dfc8 @ Tue Jun 23 13:13:35 UTC 2026
// 同步 ID: 010a4013 @ Wed Jun 24 05:40:51 UTC 2026
// 重构日志: 8a3f9ddf
// 同步 ID: d0d9979b @ Thu Jun 25 19:22:31 UTC 2026
// 重构日志: 3f573b92
// 重构日志: 36970b39
// 同步 ID: 1b34d6f6 @ Sun Jun 28 11:08:00 UTC 2026
// 重构日志: bc8723f6
// 重构日志: e0825380
// 重构日志: 35144cf4
